[2022-01-25 14:01:50,455] {taskinstance.py:851} INFO - Dependencies all met for <TaskInstance: bing_image_download.bing_image_download 2022-01-25T14:01:42.891211+00:00 [queued]>
[2022-01-25 14:01:50,472] {taskinstance.py:851} INFO - Dependencies all met for <TaskInstance: bing_image_download.bing_image_download 2022-01-25T14:01:42.891211+00:00 [queued]>
[2022-01-25 14:01:50,472] {taskinstance.py:1042} INFO - 
--------------------------------------------------------------------------------
[2022-01-25 14:01:50,473] {taskinstance.py:1043} INFO - Starting attempt 1 of 2
[2022-01-25 14:01:50,473] {taskinstance.py:1044} INFO - 
--------------------------------------------------------------------------------
[2022-01-25 14:01:50,491] {taskinstance.py:1063} INFO - Executing <Task(PythonOperator): bing_image_download> on 2022-01-25T14:01:42.891211+00:00
[2022-01-25 14:01:50,497] {standard_task_runner.py:52} INFO - Started process 44 to run task
[2022-01-25 14:01:50,505] {standard_task_runner.py:76} INFO - Running: ['airflow', 'tasks', 'run', 'bing_image_download', 'bing_image_download', '2022-01-25T14:01:42.891211+00:00', '--job-id', '165', '--pool', 'default_pool', '--raw', '--subdir', 'DAGS_FOLDER/bing_image_download.py', '--cfg-path', '/tmp/tmp5la81tm9', '--error-file', '/tmp/tmphicqw6mh']
[2022-01-25 14:01:50,505] {standard_task_runner.py:77} INFO - Job 165: Subtask bing_image_download
[2022-01-25 14:01:50,558] {logging_mixin.py:104} INFO - Running <TaskInstance: bing_image_download.bing_image_download 2022-01-25T14:01:42.891211+00:00 [running]> on host 42ecca77b6ba
[2022-01-25 14:01:50,613] {taskinstance.py:1257} INFO - Exporting the following env vars:
AIRFLOW_CTX_DAG_OWNER=airflow
AIRFLOW_CTX_DAG_ID=bing_image_download
AIRFLOW_CTX_TASK_ID=bing_image_download
AIRFLOW_CTX_EXECUTION_DATE=2022-01-25T14:01:42.891211+00:00
AIRFLOW_CTX_DAG_RUN_ID=manual__2022-01-25T14:01:42.891211+00:00
[2022-01-25 14:01:50,621] {logging_mixin.py:104} INFO - [INFO] searching Bing API for 'pikachu'
[2022-01-25 14:01:52,352] {logging_mixin.py:104} INFO - [INFO] 100 total results for 'pikachu'
[2022-01-25 14:01:52,352] {logging_mixin.py:104} INFO - [INFO] making request for group 0-10 of 100...
[2022-01-25 14:01:53,076] {logging_mixin.py:104} INFO - [INFO] saving images for group 0-10 of 100...
[2022-01-25 14:01:53,077] {logging_mixin.py:104} INFO - [INFO] fetching: https://pngimg.com/uploads/pokemon/pokemon_PNG148.png
[2022-01-25 14:01:53,568] {logging_mixin.py:104} INFO - [INFO] fetching: https://www.nintendoworldreport.com/media/38183/4/1.jpg
[2022-01-25 14:01:56,501] {logging_mixin.py:104} INFO - [INFO] fetching: http://vignette3.wikia.nocookie.net/wii/images/7/77/Pikachu_SSB4.jpg/revision/latest?cb=20140210000421
[2022-01-25 14:01:59,610] {logging_mixin.py:104} INFO - [INFO] fetching: https://pngimg.com/uploads/pokemon/pokemon_PNG93.png
[2022-01-25 14:01:59,811] {logging_mixin.py:104} INFO - [INFO] fetching: https://pngimg.com/uploads/pokemon/pokemon_PNG15.png
[2022-01-25 14:02:01,365] {logging_mixin.py:104} INFO - [INFO] fetching: https://images-wixmp-ed30a86b8c4ca887773594c2.wixmp.com/f/4f6bf5b3-c9b6-44c2-ab80-06e3ea80d511/dca37p4-e992703b-3518-475a-a3bd-bc2831f13e7b.png?token=eyJ0eXAiOiJKV1QiLCJhbGciOiJIUzI1NiJ9.eyJzdWIiOiJ1cm46YXBwOiIsImlzcyI6InVybjphcHA6Iiwib2JqIjpbW3sicGF0aCI6IlwvZlwvNGY2YmY1YjMtYzliNi00NGMyLWFiODAtMDZlM2VhODBkNTExXC9kY2EzN3A0LWU5OTI3MDNiLTM1MTgtNDc1YS1hM2JkLWJjMjgzMWYxM2U3Yi5wbmcifV1dLCJhdWQiOlsidXJuOnNlcnZpY2U6ZmlsZS5kb3dubG9hZCJdfQ.BgM4bC-lqNizie8fhV-EnS5hLNCPn5y8iROlzXNAdk4
[2022-01-25 14:02:02,976] {logging_mixin.py:104} INFO - [INFO] fetching: http://www.baltana.com/files/wallpapers-14/Pikachu-Widescreen-Wallpapers-37659.jpg
[2022-01-25 14:02:06,816] {logging_mixin.py:104} INFO - [INFO] fetching: https://yt3.ggpht.com/a-/AAuE7mBRlOG3moYW1oLN4L0V6FP-O-3IJrF1NoGjDw=s900-mo-c-c0xffffffff-rj-k-no
[2022-01-25 14:02:07,144] {logging_mixin.py:104} INFO - [INFO] fetching: https://c.shld.net/rpx/i/s/i/spin/10032562/prod_12349903012??hei=64&wid=64&qlt=50
[2022-01-25 14:02:08,692] {logging_mixin.py:104} INFO - [INFO] fetching: http://1.bp.blogspot.com/-abBmZroOWLE/VI1OaUQRSVI/AAAAAAAAHag/BUaUVdHh1Ak/s1600/Pikachu_Vector.png
[2022-01-25 14:02:08,979] {logging_mixin.py:104} INFO - [INFO] making request for group 10-20 of 100...
[2022-01-25 14:02:10,510] {logging_mixin.py:104} INFO - [INFO] saving images for group 10-20 of 100...
[2022-01-25 14:02:10,512] {logging_mixin.py:104} INFO - [INFO] fetching: https://ph.portal-pokemon.com/upload/en/HelloPika.png
[2022-01-25 14:02:14,248] {logging_mixin.py:104} INFO - [INFO] fetching: https://cdn.myminifactory.com/assets/object-assets/5c64403a9c7ad/images/d27029fa-5bce-4731-b8b4-af6be07fe701.jpg
[2022-01-25 14:02:25,374] {logging_mixin.py:104} INFO - [INFO] fetching: http://clipartmag.com/image/pikachu-images-for-drawing-29.png
[2022-01-25 14:02:27,533] {logging_mixin.py:104} INFO - [INFO] fetching: https://yt3.ggpht.com/a-/AAuE7mBRlOG3moYW1oLN4L0V6FP-O-3IJrF1NoGjDw=s900-mo-c-c0xffffffff-rj-k-no
[2022-01-25 14:02:27,833] {logging_mixin.py:104} INFO - [INFO] fetching: https://yt3.ggpht.com/a/AATXAJxtQ_8fLTUGcMTiyJ71r_-B7MdSNej9kUbPfQ=s900-c-k-c0xffffffff-no-rj-mo
[2022-01-25 14:02:28,131] {logging_mixin.py:104} INFO - [INFO] fetching: https://cdn.vox-cdn.com/thumbor/RGPwZaA8xxwrVd4spVyTGNrxHh0=/99x0:1179x720/1200x800/filters:focal(99x0:1179x720)/cdn.vox-cdn.com/uploads/chorus_image/image/50166993/2016.1_Great_Detective_Pikachu_Birth_of_a_New_Duo__3DS_.0.0.jpg
[2022-01-25 14:02:31,546] {logging_mixin.py:104} INFO - [INFO] fetching: https://mir-s3-cdn-cf.behance.net/project_modules/1400/56f6e170109017.5d71da93da213.png
[2022-01-25 14:02:33,373] {logging_mixin.py:104} INFO - [INFO] fetching: https://img1.cgtrader.com/items/2419585/aef1cf6064/pikachu-pokemon-3d-printing-3d-model-obj-stl-blend.jpg
[2022-01-25 14:02:34,222] {logging_mixin.py:104} INFO - [INFO] fetching: https://images-wixmp-ed30a86b8c4ca887773594c2.wixmp.com/f/c5bbbf70-cfca-4aeb-892b-6ac8c54fb175/ddbr84t-d0753923-bc99-4919-8bb6-2121149399d7.png/v1/fill/w_956,h_836,strp/pikachu_libre_render_by_vexikku_ddbr84t-pre.png?token=eyJ0eXAiOiJKV1QiLCJhbGciOiJIUzI1NiJ9.eyJzdWIiOiJ1cm46YXBwOjdlMGQxODg5ODIyNjQzNzNhNWYwZDQxNWVhMGQyNmUwIiwiaXNzIjoidXJuOmFwcDo3ZTBkMTg4OTgyMjY0MzczYTVmMGQ0MTVlYTBkMjZlMCIsIm9iaiI6W1t7ImhlaWdodCI6Ijw9MzUwMCIsInBhdGgiOiJcL2ZcL2M1YmJiZjcwLWNmY2EtNGFlYi04OTJiLTZhYzhjNTRmYjE3NVwvZGRicjg0dC1kMDc1MzkyMy1iYzk5LTQ5MTktOGJiNi0yMTIxMTQ5Mzk5ZDcucG5nIiwid2lkdGgiOiI8PTQwMDAifV1dLCJhdWQiOlsidXJuOnNlcnZpY2U6aW1hZ2Uub3BlcmF0aW9ucyJdfQ.SCZGQ24m5GxrmvuwHJ6Em8lOGDWKTpacKjSjkkFMbCs
[2022-01-25 14:02:36,005] {logging_mixin.py:104} INFO - [INFO] fetching: https://cdn.mos.cms.futurecdn.net/dqW4eWEXeU6J8tBpZTpqy5.jpg
[2022-01-25 14:02:37,864] {logging_mixin.py:104} INFO - [INFO] making request for group 20-30 of 100...
[2022-01-25 14:02:39,145] {logging_mixin.py:104} INFO - [INFO] saving images for group 20-30 of 100...
[2022-01-25 14:02:39,146] {logging_mixin.py:104} INFO - [INFO] fetching: https://yt3.ggpht.com/a/AATXAJxtQ_8fLTUGcMTiyJ71r_-B7MdSNej9kUbPfQ=s900-c-k-c0xffffffff-no-rj-mo
[2022-01-25 14:02:39,418] {logging_mixin.py:104} INFO - [INFO] fetching: https://cdn.myminifactory.com/assets/object-assets/5c64403a9c7ad/images/d27029fa-5bce-4731-b8b4-af6be07fe701.jpg
[2022-01-25 14:02:50,859] {logging_mixin.py:104} INFO - [INFO] fetching: https://cdn.vox-cdn.com/thumbor/RGPwZaA8xxwrVd4spVyTGNrxHh0=/99x0:1179x720/1200x800/filters:focal(99x0:1179x720)/cdn.vox-cdn.com/uploads/chorus_image/image/50166993/2016.1_Great_Detective_Pikachu_Birth_of_a_New_Duo__3DS_.0.0.jpg
[2022-01-25 14:02:52,936] {logging_mixin.py:104} INFO - [INFO] fetching: https://cdn.mos.cms.futurecdn.net/dqW4eWEXeU6J8tBpZTpqy5.jpg
[2022-01-25 14:02:53,760] {logging_mixin.py:104} INFO - [INFO] fetching: https://images-wixmp-ed30a86b8c4ca887773594c2.wixmp.com/f/c5bbbf70-cfca-4aeb-892b-6ac8c54fb175/ddbr84t-d0753923-bc99-4919-8bb6-2121149399d7.png/v1/fill/w_956,h_836,strp/pikachu_libre_render_by_vexikku_ddbr84t-pre.png?token=eyJ0eXAiOiJKV1QiLCJhbGciOiJIUzI1NiJ9.eyJzdWIiOiJ1cm46YXBwOjdlMGQxODg5ODIyNjQzNzNhNWYwZDQxNWVhMGQyNmUwIiwiaXNzIjoidXJuOmFwcDo3ZTBkMTg4OTgyMjY0MzczYTVmMGQ0MTVlYTBkMjZlMCIsIm9iaiI6W1t7ImhlaWdodCI6Ijw9MzUwMCIsInBhdGgiOiJcL2ZcL2M1YmJiZjcwLWNmY2EtNGFlYi04OTJiLTZhYzhjNTRmYjE3NVwvZGRicjg0dC1kMDc1MzkyMy1iYzk5LTQ5MTktOGJiNi0yMTIxMTQ5Mzk5ZDcucG5nIiwid2lkdGgiOiI8PTQwMDAifV1dLCJhdWQiOlsidXJuOnNlcnZpY2U6aW1hZ2Uub3BlcmF0aW9ucyJdfQ.SCZGQ24m5GxrmvuwHJ6Em8lOGDWKTpacKjSjkkFMbCs
[2022-01-25 14:02:54,147] {logging_mixin.py:104} INFO - [INFO] fetching: https://s3.us-east-1.amazonaws.com/dexerto-assets-production-cbbdf288/uploads/2020/02/16230146/pokemon-community-fat-pikachu-meme.jpg
[2022-01-25 14:02:57,408] {logging_mixin.py:104} INFO - [INFO] fetching: https://pngimg.com/uploads/pokemon/pokemon_PNG102.png
[2022-01-25 14:02:57,717] {logging_mixin.py:104} INFO - [INFO] fetching: https://graphictide.com/images/shop/hover/307_pikachu-candy.png
[2022-01-25 14:02:59,196] {logging_mixin.py:104} INFO - [INFO] fetching: http://images4.fanpop.com/image/photos/22200000/Pikachu-pikachu-22265985-1280-1120.jpg
[2022-01-25 14:03:01,868] {logging_mixin.py:104} INFO - [INFO] fetching: https://static1.cbrimages.com/wordpress/wp-content/uploads/2019/12/Pikachu-Feature-Image-Cropped.jpg
[2022-01-25 14:03:02,131] {logging_mixin.py:104} INFO - [INFO] making request for group 30-40 of 100...
[2022-01-25 14:03:03,624] {logging_mixin.py:104} INFO - [INFO] saving images for group 30-40 of 100...
[2022-01-25 14:03:03,627] {logging_mixin.py:104} INFO - [INFO] fetching: http://cdn.shopify.com/s/files/1/0284/4907/9395/products/sticker_pikachu.jpg?v=1573513085
[2022-01-25 14:03:04,208] {logging_mixin.py:104} INFO - [INFO] fetching: https://s3.us-east-1.amazonaws.com/dexerto-assets-production-cbbdf288/uploads/2020/02/16230146/pokemon-community-fat-pikachu-meme.jpg
[2022-01-25 14:03:06,817] {logging_mixin.py:104} INFO - [INFO] fetching: https://static1.cbrimages.com/wordpress/wp-content/uploads/2019/12/Pikachu-Feature-Image-Cropped.jpg
[2022-01-25 14:03:07,046] {logging_mixin.py:104} INFO - [INFO] fetching: https://cdn.mos.cms.futurecdn.net/dqW4eWEXeU6J8tBpZTpqy5.jpg
[2022-01-25 14:03:07,806] {logging_mixin.py:104} INFO - [INFO] fetching: https://yt3.ggpht.com/a/AATXAJw9Y95jJiDSFXIG6GWfIZKdHbgfovkOcj66BA=s900-c-k-c0xffffffff-no-rj-mo
[2022-01-25 14:03:08,084] {logging_mixin.py:104} INFO - [INFO] fetching: https://www.onlinetoys.com.au/19664/pokemon-power-action-pikachu.jpg
[2022-01-25 14:03:09,361] {logging_mixin.py:104} INFO - [INFO] fetching: http://images4.fanpop.com/image/photos/22200000/Pikachu-pikachu-22265985-1280-1120.jpg
[2022-01-25 14:03:12,368] {logging_mixin.py:104} INFO - [INFO] fetching: https://img.huffingtonpost.com/asset/5a10b3b0180000aa09f6ce35.jpeg?ops=1910_1000
[2022-01-25 14:03:13,766] {logging_mixin.py:104} INFO - [INFO] fetching: https://animetos.com/wp-content/uploads/2021/03/img_8458-scaled.jpeg
[2022-01-25 14:03:47,061] {logging_mixin.py:104} INFO - [INFO] fetching: https://cdn.weasyl.com/~tsaoshin/submissions/1351357/26480474c4f1b1f6b42aa02c67540a21a3daa4cf4da375229ccf723d56d1377d/tsaoshin-025-pikachu.png
[2022-01-25 14:03:47,885] {logging_mixin.py:104} INFO - [INFO] making request for group 40-50 of 100...
[2022-01-25 14:03:49,287] {logging_mixin.py:104} INFO - [INFO] saving images for group 40-50 of 100...
[2022-01-25 14:03:49,288] {logging_mixin.py:104} INFO - [INFO] fetching: http://cdn.shopify.com/s/files/1/0284/4907/9395/products/sticker_pikachu.jpg?v=1573513085
[2022-01-25 14:03:49,700] {logging_mixin.py:104} INFO - [INFO] fetching: https://s3.us-east-1.amazonaws.com/dexerto-assets-production-cbbdf288/uploads/2020/02/16230146/pokemon-community-fat-pikachu-meme.jpg
[2022-01-25 14:03:53,182] {logging_mixin.py:104} INFO - [INFO] fetching: https://whirli-production-images.s3.eu-west-2.amazonaws.com/products/yZYb57lPl7/yb9jP0AWgj_pokemon-pikachu-medium.jpg
[2022-01-25 14:03:55,367] {logging_mixin.py:104} INFO - [INFO] fetching: https://cdn.weasyl.com/~tsaoshin/submissions/1351357/26480474c4f1b1f6b42aa02c67540a21a3daa4cf4da375229ccf723d56d1377d/tsaoshin-025-pikachu.png
[2022-01-25 14:03:55,673] {logging_mixin.py:104} INFO - [INFO] fetching: https://www.onlinetoys.com.au/19664/pokemon-power-action-pikachu.jpg
[2022-01-25 14:03:55,956] {logging_mixin.py:104} INFO - [INFO] fetching: https://1.bp.blogspot.com/-Uknx6gietjA/T_RdnzTHJ0I/AAAAAAAAE3s/VsmPxC7Js3E/s1600/Pikachu+Pokemon+Wallpapers+2.jpg
[2022-01-25 14:03:56,922] {logging_mixin.py:104} INFO - [INFO] fetching: https://webgames.host/uploads/2018/03/pikachu-bros.png
[2022-01-25 14:04:03,924] {logging_mixin.py:104} INFO - [INFO] fetching: http://www.baltana.com/files/wallpapers-14/Pikachu-Widescreen-Wallpapers-37659.jpg
[2022-01-25 14:04:08,257] {logging_mixin.py:104} INFO - [INFO] fetching: https://vignette3.wikia.nocookie.net/pokemon/images/6/64/Spikey_Eared_Pichu.jpg/revision/latest/scale-to-width-down/2000?cb=20130129204810
[2022-01-25 14:04:11,199] {logging_mixin.py:104} INFO - [INFO] fetching: https://www.pinclipart.com/picdir/middle/522-5225314_transparent-detective-pikachu-png-clipart.png
[2022-01-25 14:04:27,990] {logging_mixin.py:104} INFO - [INFO] making request for group 50-60 of 100...
[2022-01-25 14:04:29,430] {logging_mixin.py:104} INFO - [INFO] saving images for group 50-60 of 100...
[2022-01-25 14:04:29,431] {logging_mixin.py:104} INFO - [INFO] fetching: https://images-wixmp-ed30a86b8c4ca887773594c2.wixmp.com/f/93abed28-db9e-4018-aee8-6c817a5863b9/dbsqkhl-bc627623-0eed-4727-a573-b7f6cd48d992.png/v1/fill/w_800,h_855,strp/king_pikachu_by_kraus_illustration_dbsqkhl-fullview.png?token=eyJ0eXAiOiJKV1QiLCJhbGciOiJIUzI1NiJ9.eyJzdWIiOiJ1cm46YXBwOjdlMGQxODg5ODIyNjQzNzNhNWYwZDQxNWVhMGQyNmUwIiwiaXNzIjoidXJuOmFwcDo3ZTBkMTg4OTgyMjY0MzczYTVmMGQ0MTVlYTBkMjZlMCIsIm9iaiI6W1t7ImhlaWdodCI6Ijw9ODU1IiwicGF0aCI6IlwvZlwvOTNhYmVkMjgtZGI5ZS00MDE4LWFlZTgtNmM4MTdhNTg2M2I5XC9kYnNxa2hsLWJjNjI3NjIzLTBlZWQtNDcyNy1hNTczLWI3ZjZjZDQ4ZDk5Mi5wbmciLCJ3aWR0aCI6Ijw9ODAwIn1dXSwiYXVkIjpbInVybjpzZXJ2aWNlOmltYWdlLm9wZXJhdGlvbnMiXX0.RBhJ-Eni5Fc_r-5ZBrMSXC8Z0aJvE6PrRT6HPGQehGM
[2022-01-25 14:04:29,851] {logging_mixin.py:104} INFO - [INFO] fetching: https://getwallpapers.com/wallpaper/full/4/9/a/400572.jpg
[2022-01-25 14:04:32,026] {logging_mixin.py:104} INFO - [INFO] fetching: https://s3.us-east-1.amazonaws.com/dexerto-assets-production-cbbdf288/uploads/2020/08/26080403/ashs-pikachu-on-verge-of-evolving-pokemon-journeys-23-years-franchise-icon.jpg
[2022-01-25 14:04:36,233] {logging_mixin.py:104} INFO - [INFO] fetching: https://static0.thegamerimages.com/wordpress/wp-content/uploads/2020/02/pikachu-featured.jpg
[2022-01-25 14:04:37,385] {logging_mixin.py:104} INFO - [INFO] fetching: https://c.shld.net/rpx/i/s/i/spin/10032562/prod_12349903012??hei=64&wid=64&qlt=50
[2022-01-25 14:04:39,401] {logging_mixin.py:104} INFO - [INFO] fetching: https://webgames.host/uploads/2018/03/pikachu-bros.png
[2022-01-25 14:04:44,155] {logging_mixin.py:104} INFO - [INFO] fetching: https://wallpapercave.com/wp/wp6346994.png
[2022-01-25 14:04:45,607] {logging_mixin.py:104} INFO - [INFO] fetching: https://preview.redd.it/r3r5fzcibmh21.jpg?auto=webp&s=fb5f20934cc89940c787d04a9a324b7fbed1cb34
[2022-01-25 14:04:46,398] {logging_mixin.py:104} INFO - [INFO] fetching: http://www.baltana.com/files/wallpapers-16/Pokemon-Detective-Pikachu-Background-Wallpaper-39818.jpg
[2022-01-25 14:04:55,960] {logging_mixin.py:104} INFO - [INFO] fetching: https://whirli-production-images.s3.eu-west-2.amazonaws.com/products/yZYb57lPl7/yb9jP0AWgj_pokemon-pikachu-medium.jpg
[2022-01-25 14:04:58,519] {logging_mixin.py:104} INFO - [INFO] making request for group 60-70 of 100...
[2022-01-25 14:04:59,970] {logging_mixin.py:104} INFO - [INFO] saving images for group 60-70 of 100...
[2022-01-25 14:04:59,973] {logging_mixin.py:104} INFO - [INFO] fetching: https://c.shld.net/rpx/i/s/i/spin/10032562/prod_12349903012??hei=64&wid=64&qlt=50
[2022-01-25 14:05:01,357] {logging_mixin.py:104} INFO - [INFO] fetching: https://wallpapercave.com/wp/wp6346994.png
[2022-01-25 14:05:01,522] {logging_mixin.py:104} INFO - [INFO] fetching: https://www.pinclipart.com/picdir/middle/522-5225314_transparent-detective-pikachu-png-clipart.png
[2022-01-25 14:05:30,735] {logging_mixin.py:104} INFO - [INFO] fetching: https://yt3.ggpht.com/a/AATXAJy5TUeCGX8BPUjyMlQh0S1vFu9-PQFNlxk2xQ=s900-c-k-c0xffffffff-no-rj-mo
[2022-01-25 14:05:31,004] {logging_mixin.py:104} INFO - [INFO] fetching: https://yt3.ggpht.com/a/AATXAJznnOKPTmacMoV1l7l43kb4YaukGZH9ZSfeSw=s900-c-k-c0xffffffff-no-rj-mo
[2022-01-25 14:05:31,272] {logging_mixin.py:104} INFO - [INFO] fetching: https://i.etsystatic.com/8557472/r/il/1009f9/1677348229/il_fullxfull.1677348229_ogtm.jpg
[2022-01-25 14:05:33,821] {logging_mixin.py:104} INFO - [INFO] fetching: https://whirli-production-images.s3.eu-west-2.amazonaws.com/products/yZYb57lPl7/yb9jP0AWgj_pokemon-pikachu-medium.jpg
[2022-01-25 14:05:35,592] {logging_mixin.py:104} INFO - [INFO] fetching: https://images-wixmp-ed30a86b8c4ca887773594c2.wixmp.com/f/93abed28-db9e-4018-aee8-6c817a5863b9/dbsqkhl-bc627623-0eed-4727-a573-b7f6cd48d992.png/v1/fill/w_800,h_855,strp/king_pikachu_by_kraus_illustration_dbsqkhl-fullview.png?token=eyJ0eXAiOiJKV1QiLCJhbGciOiJIUzI1NiJ9.eyJzdWIiOiJ1cm46YXBwOjdlMGQxODg5ODIyNjQzNzNhNWYwZDQxNWVhMGQyNmUwIiwiaXNzIjoidXJuOmFwcDo3ZTBkMTg4OTgyMjY0MzczYTVmMGQ0MTVlYTBkMjZlMCIsIm9iaiI6W1t7ImhlaWdodCI6Ijw9ODU1IiwicGF0aCI6IlwvZlwvOTNhYmVkMjgtZGI5ZS00MDE4LWFlZTgtNmM4MTdhNTg2M2I5XC9kYnNxa2hsLWJjNjI3NjIzLTBlZWQtNDcyNy1hNTczLWI3ZjZjZDQ4ZDk5Mi5wbmciLCJ3aWR0aCI6Ijw9ODAwIn1dXSwiYXVkIjpbInVybjpzZXJ2aWNlOmltYWdlLm9wZXJhdGlvbnMiXX0.RBhJ-Eni5Fc_r-5ZBrMSXC8Z0aJvE6PrRT6HPGQehGM
[2022-01-25 14:05:36,212] {logging_mixin.py:104} INFO - [INFO] fetching: https://yt3.ggpht.com/a/AATXAJxWSkYcdzgaCCCeLyKiozmRwjzPpGyIH3dNHMM=s900-c-k-c0xffffffff-no-rj-mo
[2022-01-25 14:05:36,646] {logging_mixin.py:104} INFO - [INFO] fetching: https://static2.srcdn.com/wordpress/wp-content/uploads/2019/05/Detective-Pikachu-Pokemon-Red.jpg
[2022-01-25 14:05:37,131] {logging_mixin.py:104} INFO - [INFO] making request for group 70-80 of 100...
[2022-01-25 14:05:38,611] {logging_mixin.py:104} INFO - [INFO] saving images for group 70-80 of 100...
[2022-01-25 14:05:38,612] {logging_mixin.py:104} INFO - [INFO] fetching: https://yt3.ggpht.com/a/AATXAJw9Y95jJiDSFXIG6GWfIZKdHbgfovkOcj66BA=s900-c-k-c0xffffffff-no-rj-mo
[2022-01-25 14:05:38,866] {logging_mixin.py:104} INFO - [INFO] fetching: https://static0.thegamerimages.com/wordpress/wp-content/uploads/2019/07/Detective-Pikachu.jpg
[2022-01-25 14:05:39,085] {logging_mixin.py:104} INFO - [INFO] fetching: https://graphictide.com/images/shop/hover/307_pikachu-candy.png
[2022-01-25 14:05:40,572] {logging_mixin.py:104} INFO - [INFO] fetching: https://tahav.com/wp-content/uploads/2020/02/fat-pikachu-1207299-1280x0-1.jpeg
[2022-01-25 14:05:42,901] {logging_mixin.py:104} INFO - [INFO] fetching: https://preview.redd.it/6os8qpc6pg121.jpg?auto=webp&s=6a6ca978a371bd0e42f1711026f4d8cb6a0b7852
[2022-01-25 14:05:43,210] {logging_mixin.py:104} INFO - [INFO] fetching: https://brokenpanda.net/wp-content/uploads/1588943949_865_Pikachu-HD-Wallpapers-2020.jpg
[2022-01-25 14:05:44,990] {logging_mixin.py:104} INFO - [INFO] fetching: https://s3.getstickerpack.com/storage/uploads/sticker-pack/pikachu/4.png?a15620715062e25ce71b7dd3da72c25c&d=200x200
[2022-01-25 14:05:45,505] {logging_mixin.py:104} INFO - [INFO] fetching: http://www.lindo.cz/fotky30108/fotos/_vyrn_1461p.jpg
[2022-01-25 14:05:50,514] {logging_mixin.py:104} INFO - [INFO] fetching: https://pngimg.com/uploads/pokemon/pokemon_PNG102.png
[2022-01-25 14:05:50,909] {logging_mixin.py:104} INFO - [INFO] fetching: https://gdrivedl.xyz/wp-content/uploads/2019/07/Detective-Pikachu.jpg
[2022-01-25 14:05:51,274] {logging_mixin.py:104} INFO - [ERROR]:  ('Connection aborted.', OSError(0, 'Error'))
[2022-01-25 14:05:51,275] {logging_mixin.py:104} INFO - [INFO] making request for group 80-90 of 100...
[2022-01-25 14:05:52,790] {logging_mixin.py:104} INFO - [INFO] saving images for group 80-90 of 100...
[2022-01-25 14:05:52,791] {logging_mixin.py:104} INFO - [INFO] fetching: https://yt3.ggpht.com/a/AATXAJxWSkYcdzgaCCCeLyKiozmRwjzPpGyIH3dNHMM=s900-c-k-c0xffffffff-no-rj-mo
[2022-01-25 14:05:53,091] {logging_mixin.py:104} INFO - [INFO] fetching: https://yt3.ggpht.com/a/AATXAJznnOKPTmacMoV1l7l43kb4YaukGZH9ZSfeSw=s900-c-k-c0xffffffff-no-rj-mo
[2022-01-25 14:05:53,368] {logging_mixin.py:104} INFO - [INFO] fetching: https://www.denofgeek.com/wp-content/uploads/2018/01/pikachu_0.jpg?fit=1280%2C720
[2022-01-25 14:05:53,705] {logging_mixin.py:104} INFO - [INFO] fetching: https://media.gq.com/photos/5cd448e6b41d094fd2cd74af/16:9/w_2560%2Cc_limit/There-Could-Be-No-More-Perfect-Pikachu-Than-Ryan-Reynolds-gq-1.jpg
[2022-01-25 14:05:54,667] {logging_mixin.py:104} INFO - [INFO] fetching: https://wallpapers.moviemania.io/phone/movie/447404/e255b7/pokemon-detective-pikachu-phone-wallpaper.jpg?w=1536&h=2732
[2022-01-25 14:05:58,108] {logging_mixin.py:104} INFO - [INFO] fetching: https://d1lss44hh2trtw.cloudfront.net/assets/article/2019/05/28/detective-pikachu-coffee_feature.jpg
[2022-01-25 14:05:58,386] {logging_mixin.py:104} INFO - [INFO] fetching: http://www.baltana.com/files/wallpapers-16/Pokemon-Detective-Pikachu-Movie-Desktop-Wallpaper-39833.jpg
[2022-01-25 14:06:02,246] {logging_mixin.py:104} INFO - [INFO] fetching: https://images.nintendolife.com/43ece59eb41ff/1280x720.jpg
[2022-01-25 14:06:02,662] {logging_mixin.py:104} INFO - [INFO] fetching: https://i.kinja-img.com/gawker-media/image/upload/s--7N2i0AxA--/c_fill,fl_progressive,g_center,h_900,q_80,w_1600/gvi8m4p95orhorwg0bpv.jpg
[2022-01-25 14:06:03,212] {logging_mixin.py:104} INFO - [INFO] fetching: https://static2.srcdn.com/wordpress/wp-content/uploads/2019/05/Detective-Pikachu-Pokemon-Red.jpg
[2022-01-25 14:06:03,589] {logging_mixin.py:104} INFO - [INFO] making request for group 90-100 of 100...
[2022-01-25 14:06:04,975] {logging_mixin.py:104} INFO - [INFO] saving images for group 90-100 of 100...
[2022-01-25 14:06:04,976] {logging_mixin.py:104} INFO - [INFO] fetching: https://static0.thegamerimages.com/wordpress/wp-content/uploads/2020/03/Sonic-Beats-Detective-Pikachu.jpg
[2022-01-25 14:06:05,206] {logging_mixin.py:104} INFO - [INFO] fetching: https://static1.thegamerimages.com/wordpress/wp-content/uploads/2017/08/pikachu-beat-up.jpg
[2022-01-25 14:06:05,927] {logging_mixin.py:104} INFO - [INFO] fetching: https://cdn.weasyl.com/~tsaoshin/submissions/1351357/26480474c4f1b1f6b42aa02c67540a21a3daa4cf4da375229ccf723d56d1377d/tsaoshin-025-pikachu.png
[2022-01-25 14:06:06,555] {logging_mixin.py:104} INFO - [INFO] fetching: https://www.ericagriffin.com/wp/wp-content/uploads/2018/11/pikachu-eevee-edition-bundle-nin.jpg
[2022-01-25 14:06:11,488] {logging_mixin.py:104} INFO - [INFO] fetching: https://www.dailydot.com/wp-content/uploads/2019/05/detective-pikachu-dancing-meme-1024x512.jpg
[2022-01-25 14:06:12,191] {logging_mixin.py:104} INFO - [INFO-DEL] deleting: /opt/airflow/dags/images/pikachu_93.jpeg
[2022-01-25 14:06:12,194] {logging_mixin.py:104} INFO - [INFO] fetching: https://preview.redd.it/b07b6vm85tu31.jpg?auto=webp&s=c4748e5cfc7737465f712c8a08056eb26c278526
[2022-01-25 14:06:13,323] {logging_mixin.py:104} INFO - [INFO] fetching: http://www.baltana.com/files/wallpapers-16/Pokemon-Detective-Pikachu-Movie-Desktop-Wallpaper-39833.jpg
[2022-01-25 14:06:16,407] {logging_mixin.py:104} INFO - [INFO] fetching: https://external-preview.redd.it/21ByTbZ564IqVWGr2KS0p6W1t3n4iZ_kh1e6SHKAt4c.jpg?width=640&crop=smart&auto=webp&s=ba59c329ca91846b22a9d22d09641735e1b64867
[2022-01-25 14:06:16,683] {logging_mixin.py:104} INFO - [INFO] fetching: https://static1.thegamerimages.com/wordpress/wp-content/uploads/2018/05/New-Pikachu-Evolution-Cover-Image.jpg
[2022-01-25 14:06:16,890] {logging_mixin.py:104} INFO - [INFO] fetching: https://static0.thegamerimages.com/wordpress/wp-content/uploads/2020/11/Pokemon-Pikachu-Attacks-Trio.jpg
[2022-01-25 14:06:17,099] {logging_mixin.py:104} INFO - **************************************************
[2022-01-25 14:06:17,099] {logging_mixin.py:104} INFO - [END] Images Donwloaded for pikachu
[2022-01-25 14:06:17,100] {logging_mixin.py:104} INFO - **************************************************
[2022-01-25 14:06:17,100] {logging_mixin.py:104} INFO - [INFO] searching Bing API for 'bulbasaur'
[2022-01-25 14:06:18,325] {logging_mixin.py:104} INFO - [INFO] 100 total results for 'bulbasaur'
[2022-01-25 14:06:18,326] {logging_mixin.py:104} INFO - [INFO] making request for group 0-10 of 100...
[2022-01-25 14:06:19,214] {logging_mixin.py:104} INFO - [INFO] saving images for group 0-10 of 100...
[2022-01-25 14:06:19,215] {logging_mixin.py:104} INFO - [INFO] fetching: https://usercontent2.hubstatic.com/13805615_f1024.jpg
[2022-01-25 14:06:21,353] {logging_mixin.py:104} INFO - [INFO] fetching: https://i0.wp.com/twinfinite.net/wp-content/uploads/2019/11/bulbasaur.jpg?fit=1920%2C1080&ssl=1
[2022-01-25 14:06:21,713] {logging_mixin.py:104} INFO - [INFO] fetching: http://1.bp.blogspot.com/-ue0RUlm6K98/VNzsqJEcm3I/AAAAAAAAAPw/BHqUvaJgExA/s1600/bulbasaur.png
[2022-01-25 14:06:22,308] {logging_mixin.py:104} INFO - [INFO] fetching: https://orig00.deviantart.net/19fb/f/2011/252/f/0/bulbasaur_by_trdaz-d49cmfx.png
[2022-01-25 14:06:23,926] {logging_mixin.py:104} INFO - [INFO] fetching: http://th06.deviantart.net/fs70/PRE/f/2011/163/5/d/bulbasaur__old__by_blastertwo-d3ir8m6.png
[2022-01-25 14:06:25,969] {logging_mixin.py:104} INFO - [INFO] fetching: https://external-preview.redd.it/qvkIfEpcZahP1Lcu4eZzfqhhACaHjLHloe_cTTCm1es.jpg?auto=webp&s=b8e42af529efdbfa09846b3cd8ec4c0e159951aa
[2022-01-25 14:06:26,255] {logging_mixin.py:104} INFO - [INFO] fetching: https://pm1.narvii.com/5779/46d8f871ac05c4baaece618ea801f3d17af2e9c1_hq.jpg
[2022-01-25 14:06:26,500] {logging_mixin.py:104} INFO - [INFO] fetching: https://images.wallpapersden.com/image/download/bulbasaur-pokemon-detective-pikachu-movie_64877_2932x2932.jpg
[2022-01-25 14:06:30,692] {logging_mixin.py:104} INFO - [INFO] fetching: http://www.pngmart.com/files/11/Bulbasaur-PNG-Clipart.png
[2022-01-25 14:06:36,909] {logging_mixin.py:104} INFO - [INFO] fetching: https://1.bp.blogspot.com/-v53kQK3CPRk/VMw9FEHqvdI/AAAAAAAAAc0/K6z6oiwyYvg/s1600/Screenshot_2015-01-30-20-15-45.png
[2022-01-25 14:06:37,556] {logging_mixin.py:104} INFO - [INFO] making request for group 10-20 of 100...
[2022-01-25 14:06:38,960] {logging_mixin.py:104} INFO - [INFO] saving images for group 10-20 of 100...
[2022-01-25 14:06:38,985] {logging_mixin.py:104} INFO - [INFO] fetching: https://pm1.narvii.com/5779/46d8f871ac05c4baaece618ea801f3d17af2e9c1_hq.jpg
[2022-01-25 14:06:39,428] {logging_mixin.py:104} INFO - [INFO] fetching: https://images-wixmp-ed30a86b8c4ca887773594c2.wixmp.com/f/1f6e6960-47bd-455f-9411-6d98b2bb5d26/dd49wrr-c20af9ba-e18e-4c59-8558-b5705acf6f24.png/v1/fill/w_818,h_976,q_70,strp/bulbasaur_doodle_by_otakuap_dd49wrr-pre.jpg?token=eyJ0eXAiOiJKV1QiLCJhbGciOiJIUzI1NiJ9.eyJzdWIiOiJ1cm46YXBwOjdlMGQxODg5ODIyNjQzNzNhNWYwZDQxNWVhMGQyNmUwIiwiaXNzIjoidXJuOmFwcDo3ZTBkMTg4OTgyMjY0MzczYTVmMGQ0MTVlYTBkMjZlMCIsIm9iaiI6W1t7ImhlaWdodCI6Ijw9MTExMyIsInBhdGgiOiJcL2ZcLzFmNmU2OTYwLTQ3YmQtNDU1Zi05NDExLTZkOThiMmJiNWQyNlwvZGQ0OXdyci1jMjBhZjliYS1lMThlLTRjNTktODU1OC1iNTcwNWFjZjZmMjQucG5nIiwid2lkdGgiOiI8PTkzMyJ9XV0sImF1ZCI6WyJ1cm46c2VydmljZTppbWFnZS5vcGVyYXRpb25zIl19.NIpnOKTJEPVkyxnzQKbnHaxCjs7nf3l4zxidFz2TYlo
[2022-01-25 14:06:39,817] {logging_mixin.py:104} INFO - [INFO] fetching: https://pre00.deviantart.net/a8a2/th/pre/f/2012/323/d/5/pokedex_challenge_001_bulbasaur_by_blue_diamond_shadow-d5ksvr6.png
[2022-01-25 14:06:42,781] {logging_mixin.py:104} INFO - [INFO] fetching: http://pre15.deviantart.net/ef88/th/pre/f/2012/327/2/0/bulbasaur_by_ezmeag98-d5lz0kp.png
[2022-01-25 14:06:48,111] {logging_mixin.py:104} INFO - [INFO] fetching: http://www.pngmart.com/files/11/Pokemon-Bulbasaur-PNG-File.png
[2022-01-25 14:06:56,021] {logging_mixin.py:104} INFO - [INFO] fetching: https://yt3.ggpht.com/a/AGF-l7-quN6vKZthSZ_zja1lFMQN3l-PNsuUioUhjA=s900-c-k-c0xffffffff-no-rj-mo
[2022-01-25 14:06:56,285] {logging_mixin.py:104} INFO - [INFO] fetching: http://www.pngmart.com/files/11/Pokemon-Bulbasaur-PNG-Transparent-Image.png
[2022-01-25 14:06:59,778] {logging_mixin.py:104} INFO - [INFO] fetching: http://clipartmag.com/image/pokemon-bulbasaur-drawing-8.jpg
[2022-01-25 14:07:01,872] {logging_mixin.py:104} INFO - [INFO] fetching: https://e7.pngegg.com/pngimages/72/948/png-clipart-bulbasaur-pokemon-diamond-and-pearl-pokemon-go-pokedex-ivysaur-bulbasaur-pixel-vertebrate-grass.png
[2022-01-25 14:07:02,970] {logging_mixin.py:104} INFO - [INFO] fetching: https://pre00.deviantart.net/7a9f/th/pre/i/2012/139/b/6/cute_bulbasaur_by_sirena93-d50bum8.png
[2022-01-25 14:07:06,014] {logging_mixin.py:104} INFO - [INFO] making request for group 20-30 of 100...
[2022-01-25 14:07:07,232] {logging_mixin.py:104} INFO - [INFO] saving images for group 20-30 of 100...
[2022-01-25 14:07:07,233] {logging_mixin.py:104} INFO - [INFO] fetching: http://www.pngmart.com/files/11/Pokemon-Bulbasaur-PNG-Transparent-Image.png
[2022-01-25 14:07:11,302] {logging_mixin.py:104} INFO - [INFO] fetching: https://orig00.deviantart.net/7453/f/2017/365/2/7/bulbasaur_by_moliin-dbyfd4k.png
[2022-01-25 14:07:17,193] {logging_mixin.py:104} INFO - [INFO] fetching: https://wallsdesk.com/wp-content/uploads/2017/01/Bulbasaur-Wallpaper-.jpg
[2022-01-25 14:07:20,595] {logging_mixin.py:104} INFO - [INFO] fetching: https://pre00.deviantart.net/7a9f/th/pre/i/2012/139/b/6/cute_bulbasaur_by_sirena93-d50bum8.png
[2022-01-25 14:07:22,456] {logging_mixin.py:104} INFO - [INFO] fetching: https://images.wallpapersden.com/image/download/bulbasaur-pokemon-detective-pikachu-movie_64877_2932x2932.jpg
[2022-01-25 14:07:26,093] {logging_mixin.py:104} INFO - [INFO] fetching: https://orig00.deviantart.net/cfe7/f/2016/205/4/2/bulbasar_starter_by_albinotiger21-dab9mpa.jpg
[2022-01-25 14:07:28,407] {logging_mixin.py:104} INFO - [INFO] fetching: https://comicvine1.cbsistatic.com/uploads/original/11138/111385676/7043967-0133166748-tumbl.jpg
[2022-01-25 14:07:30,839] {logging_mixin.py:104} INFO - [INFO] fetching: https://img00.deviantart.net/9ce5/i/2012/205/7/9/001_bulbasaur_by_pikaaly-d58fe80.png
[2022-01-25 14:07:33,629] {logging_mixin.py:104} INFO - [INFO] fetching: https://pre00.deviantart.net/3315/th/pre/i/2018/027/5/c/bulbasaur_fanart_by_gryffindordos-dc1dvn6.png
[2022-01-25 14:07:37,513] {logging_mixin.py:104} INFO - [INFO] fetching: https://www.nicepng.com/png/detail/280-2800064_fisherman-cartoon-download-pokemon-bulbasaur.png
[2022-01-25 14:07:54,961] {logging_mixin.py:104} INFO - [INFO] making request for group 30-40 of 100...
[2022-01-25 14:07:56,335] {logging_mixin.py:104} INFO - [INFO] saving images for group 30-40 of 100...
[2022-01-25 14:07:56,336] {logging_mixin.py:104} INFO - [INFO] fetching: https://comicvine1.cbsistatic.com/uploads/original/11138/111385676/7043967-0133166748-tumbl.jpg
[2022-01-25 14:07:59,199] {logging_mixin.py:104} INFO - [INFO] fetching: https://www.nicepng.com/png/detail/280-2800064_fisherman-cartoon-download-pokemon-bulbasaur.png
[2022-01-25 14:08:16,459] {logging_mixin.py:104} INFO - [INFO] fetching: https://pre00.deviantart.net/979b/th/pre/i/2016/110/2/c/pokemon__001___bulbasaur_by_decibeldisorder3-d98jref.png
[2022-01-25 14:08:19,403] {logging_mixin.py:104} INFO - [INFO] fetching: http://clipartmag.com/image/pokemon-bulbasaur-drawing-26.jpg
[2022-01-25 14:08:22,908] {logging_mixin.py:104} INFO - [INFO] fetching: https://img00.deviantart.net/f8fb/i/2016/115/8/9/bulbasaur_by_frost_z-d9yqawl.png
[2022-01-25 14:08:25,428] {logging_mixin.py:104} INFO - [INFO] fetching: https://i.redd.it/4meqwbvaakpz.png
[2022-01-25 14:08:26,291] {logging_mixin.py:104} INFO - [INFO] fetching: https://pre00.deviantart.net/3c8a/th/pre/i/2016/323/e/c/cute_bulbasaur_by_eli150693-daoxgbh.jpg
[2022-01-25 14:08:28,636] {logging_mixin.py:104} INFO - [INFO] fetching: https://cdn.weasyl.com/~hatchlingbyheart/submissions/1644538/e575f1d20d3700149b309de67d4ab490b5d52a4f2dafe0635931bfc43d52285e/hatchlingbyheart-pudgymon-bulbasaur.png
[2022-01-25 14:08:29,405] {logging_mixin.py:104} INFO - [INFO] fetching: https://i.pinimg.com/originals/08/36/49/0836496331b2369df9f27a545d5f250a.jpg
[2022-01-25 14:08:32,725] {logging_mixin.py:104} INFO - [INFO] fetching: https://i.pinimg.com/originals/4c/e6/99/4ce69923b1650ec24855af126a95d2dd.jpg
[2022-01-25 14:08:34,428] {logging_mixin.py:104} INFO - [INFO] making request for group 40-50 of 100...
[2022-01-25 14:08:35,699] {logging_mixin.py:104} INFO - [INFO] saving images for group 40-50 of 100...
[2022-01-25 14:08:35,701] {logging_mixin.py:104} INFO - [INFO] fetching: https://cdn.weasyl.com/~nela/submissions/1380759/ceb1e9b0c1ca28ee611fa1f22b77f52e1093c3b7fc7ce20dd00d6d9db38d2099/nela-bulbasaur.png
[2022-01-25 14:08:36,648] {logging_mixin.py:104} INFO - [INFO] fetching: https://i.redd.it/4meqwbvaakpz.png
[2022-01-25 14:08:37,230] {logging_mixin.py:104} INFO - [INFO] fetching: https://pre00.deviantart.net/3c8a/th/pre/i/2016/323/e/c/cute_bulbasaur_by_eli150693-daoxgbh.jpg
[2022-01-25 14:08:39,376] {logging_mixin.py:104} INFO - [INFO] fetching: https://cdn.weasyl.com/~hatchlingbyheart/submissions/1644538/e575f1d20d3700149b309de67d4ab490b5d52a4f2dafe0635931bfc43d52285e/hatchlingbyheart-pudgymon-bulbasaur.png
[2022-01-25 14:08:39,674] {logging_mixin.py:104} INFO - [INFO] fetching: https://wallsdesk.com/wp-content/uploads/2017/01/Bulbasaur-Wallpapers.jpg
[2022-01-25 14:08:42,610] {logging_mixin.py:104} INFO - [INFO] fetching: https://img00.deviantart.net/f8fb/i/2016/115/8/9/bulbasaur_by_frost_z-d9yqawl.png
[2022-01-25 14:08:44,285] {logging_mixin.py:104} INFO - [INFO] fetching: https://64.media.tumblr.com/4e8a5fde01d4cff635797d473980cc34/e4670bffbb7131bd-2d/s1280x1920/0297b88b5bbb4e5b32ea545d3dcb8b3c602530b3.png
[2022-01-25 14:08:45,593] {logging_mixin.py:104} INFO - [INFO] fetching: https://images-wixmp-ed30a86b8c4ca887773594c2.wixmp.com/f/37f2d127-7bb6-4292-9a55-75723026c898/d50z59l-309e9592-d94c-4bda-a430-b21542b970d5.png/v1/fill/w_900,h_964,q_80,strp/bulbasaur_drawing_by_technospriter_d50z59l-fullview.jpg?token=eyJ0eXAiOiJKV1QiLCJhbGciOiJIUzI1NiJ9.eyJzdWIiOiJ1cm46YXBwOjdlMGQxODg5ODIyNjQzNzNhNWYwZDQxNWVhMGQyNmUwIiwiaXNzIjoidXJuOmFwcDo3ZTBkMTg4OTgyMjY0MzczYTVmMGQ0MTVlYTBkMjZlMCIsIm9iaiI6W1t7ImhlaWdodCI6Ijw9OTY0IiwicGF0aCI6IlwvZlwvMzdmMmQxMjctN2JiNi00MjkyLTlhNTUtNzU3MjMwMjZjODk4XC9kNTB6NTlsLTMwOWU5NTkyLWQ5NGMtNGJkYS1hNDMwLWIyMTU0MmI5NzBkNS5wbmciLCJ3aWR0aCI6Ijw9OTAwIn1dXSwiYXVkIjpbInVybjpzZXJ2aWNlOmltYWdlLm9wZXJhdGlvbnMiXX0.o0xtDTNGWy08IbpYfqi9x_ysHpOC9YGmkeau7l6PLQI
[2022-01-25 14:08:46,585] {logging_mixin.py:104} INFO - [INFO] fetching: https://images-wixmp-ed30a86b8c4ca887773594c2.wixmp.com/f/253b45b6-52fd-46bd-9ab9-96266a7c086d/dblcoa8-b0427bcf-2047-4099-ad1b-4140ae67865e.png?token=eyJ0eXAiOiJKV1QiLCJhbGciOiJIUzI1NiJ9.eyJzdWIiOiJ1cm46YXBwOiIsImlzcyI6InVybjphcHA6Iiwib2JqIjpbW3sicGF0aCI6IlwvZlwvMjUzYjQ1YjYtNTJmZC00NmJkLTlhYjktOTYyNjZhN2MwODZkXC9kYmxjb2E4LWIwNDI3YmNmLTIwNDctNDA5OS1hZDFiLTQxNDBhZTY3ODY1ZS5wbmcifV1dLCJhdWQiOlsidXJuOnNlcnZpY2U6ZmlsZS5kb3dubG9hZCJdfQ.qHxvK3LqhAecFViw2uiCfRksUI6YCVKvno4gu9Xze-Y
[2022-01-25 14:08:47,788] {logging_mixin.py:104} INFO - [INFO] fetching: https://pre00.deviantart.net/26c5/th/pre/f/2014/179/7/2/shiny_bulbasaur_by_kasanelover-d7odqfr.png
[2022-01-25 14:08:50,309] {logging_mixin.py:104} INFO - [INFO] making request for group 50-60 of 100...
[2022-01-25 14:08:51,478] {logging_mixin.py:104} INFO - [INFO] saving images for group 50-60 of 100...
[2022-01-25 14:08:51,479] {logging_mixin.py:104} INFO - [INFO] fetching: https://cdn.weasyl.com/~hatchlingbyheart/submissions/1644538/e575f1d20d3700149b309de67d4ab490b5d52a4f2dafe0635931bfc43d52285e/hatchlingbyheart-pudgymon-bulbasaur.png
[2022-01-25 14:08:51,883] {logging_mixin.py:104} INFO - [INFO] fetching: https://cdn.weasyl.com/~nela/submissions/1380759/ceb1e9b0c1ca28ee611fa1f22b77f52e1093c3b7fc7ce20dd00d6d9db38d2099/nela-bulbasaur.png
[2022-01-25 14:08:52,424] {logging_mixin.py:104} INFO - [INFO] fetching: https://images.wallpapersden.com/image/download/bulbasaur-pokemon-detective-pikachu-movie_64877_3534x5000.jpg
[2022-01-25 14:08:57,432] {logging_mixin.py:104} INFO - [INFO] fetching: https://pre00.deviantart.net/26c5/th/pre/f/2014/179/7/2/shiny_bulbasaur_by_kasanelover-d7odqfr.png
[2022-01-25 14:08:59,083] {logging_mixin.py:104} INFO - [INFO] fetching: https://www.buildabear.co.uk/on/demandware.static/-/Sites-buildabear-master/default/dw55b4fe34/25448_25681_25626_25574x.jpg
[2022-01-25 14:09:09,096] {logging_mixin.py:104} INFO - [ERROR]:  HTTPSConnectionPool(host='www.buildabear.co.uk', port=443): Max retries exceeded with url: /on/demandware.static/-/Sites-buildabear-master/default/dw55b4fe34/25448_25681_25626_25574x.jpg (Caused by NewConnectionError('<urllib3.connection.HTTPSConnection object at 0x7fa296d805c0>: Failed to establish a new connection: [Errno -3] Temporary failure in name resolution',))
[2022-01-25 14:09:09,098] {logging_mixin.py:104} INFO - [INFO] fetching: https://memestatic.fjcdn.com/pictures/Bulbasaur_e8368c_6820186.jpg
[2022-01-25 14:09:19,119] {logging_mixin.py:104} INFO - [ERROR]:  HTTPSConnectionPool(host='memestatic.fjcdn.com', port=443): Max retries exceeded with url: /pictures/Bulbasaur_e8368c_6820186.jpg (Caused by NewConnectionError('<urllib3.connection.HTTPSConnection object at 0x7fa296d803c8>: Failed to establish a new connection: [Errno -3] Temporary failure in name resolution',))
[2022-01-25 14:09:19,120] {logging_mixin.py:104} INFO - [INFO] fetching: https://vignette.wikia.nocookie.net/pokemon/images/8/85/Shiny_Bulbasaur_Artwork_(Side).png/revision/latest?cb=20160128142808
[2022-01-25 14:09:29,135] {logging_mixin.py:104} INFO - [ERROR]:  HTTPSConnectionPool(host='vignette.wikia.nocookie.net', port=443): Max retries exceeded with url: /pokemon/images/8/85/Shiny_Bulbasaur_Artwork_(Side).png/revision/latest?cb=20160128142808 (Caused by NewConnectionError('<urllib3.connection.HTTPSConnection object at 0x7fa296d80320>: Failed to establish a new connection: [Errno -3] Temporary failure in name resolution',))
[2022-01-25 14:09:29,136] {logging_mixin.py:104} INFO - [INFO] fetching: https://pre00.deviantart.net/fb74/th/pre/i/2010/235/7/a/sweet_bulbasaur_by_freak_sider.png
[2022-01-25 14:09:32,537] {logging_mixin.py:104} INFO - [INFO] fetching: https://images-wixmp-ed30a86b8c4ca887773594c2.wixmp.com/f/253b45b6-52fd-46bd-9ab9-96266a7c086d/dblcoa8-b0427bcf-2047-4099-ad1b-4140ae67865e.png?token=eyJ0eXAiOiJKV1QiLCJhbGciOiJIUzI1NiJ9.eyJzdWIiOiJ1cm46YXBwOiIsImlzcyI6InVybjphcHA6Iiwib2JqIjpbW3sicGF0aCI6IlwvZlwvMjUzYjQ1YjYtNTJmZC00NmJkLTlhYjktOTYyNjZhN2MwODZkXC9kYmxjb2E4LWIwNDI3YmNmLTIwNDctNDA5OS1hZDFiLTQxNDBhZTY3ODY1ZS5wbmcifV1dLCJhdWQiOlsidXJuOnNlcnZpY2U6ZmlsZS5kb3dubG9hZCJdfQ.qHxvK3LqhAecFViw2uiCfRksUI6YCVKvno4gu9Xze-Y
[2022-01-25 14:09:33,101] {logging_mixin.py:104} INFO - [INFO] fetching: https://64.media.tumblr.com/d654d4797df37d2ad6fc8ba275277bfa/e4670bffbb7131bd-1b/s640x960/79b4dc452a4c585ec23a3bdee045569a4f78c246.png
[2022-01-25 14:09:34,214] {logging_mixin.py:104} INFO - [INFO] making request for group 60-70 of 100...
[2022-01-25 14:09:44,229] {taskinstance.py:1455} ERROR - HTTPSConnectionPool(host='api.bing.microsoft.com', port=443): Max retries exceeded with url: /v7.0/images/search/?q=bulbasaur&offset=60&count=10 (Caused by NewConnectionError('<urllib3.connection.HTTPSConnection object at 0x7fa296dbcac8>: Failed to establish a new connection: [Errno -3] Temporary failure in name resolution',))
Traceback (most recent call last):
  File "/home/airflow/.local/lib/python3.6/site-packages/urllib3/connection.py", line 160, in _new_conn
    (self._dns_host, self.port), self.timeout, **extra_kw
  File "/home/airflow/.local/lib/python3.6/site-packages/urllib3/util/connection.py", line 61, in create_connection
    for res in socket.getaddrinfo(host, port, family, socket.SOCK_STREAM):
  File "/usr/local/lib/python3.6/socket.py", line 745, in getaddrinfo
    for res in _socket.getaddrinfo(host, port, family, type, proto, flags):
socket.gaierror: [Errno -3] Temporary failure in name resolution

During handling of the above exception, another exception occurred:

Traceback (most recent call last):
  File "/home/airflow/.local/lib/python3.6/site-packages/urllib3/connectionpool.py", line 677, in urlopen
    chunked=chunked,
  File "/home/airflow/.local/lib/python3.6/site-packages/urllib3/connectionpool.py", line 381, in _make_request
    self._validate_conn(conn)
  File "/home/airflow/.local/lib/python3.6/site-packages/urllib3/connectionpool.py", line 978, in _validate_conn
    conn.connect()
  File "/home/airflow/.local/lib/python3.6/site-packages/urllib3/connection.py", line 309, in connect
    conn = self._new_conn()
  File "/home/airflow/.local/lib/python3.6/site-packages/urllib3/connection.py", line 172, in _new_conn
    self, "Failed to establish a new connection: %s" % e
urllib3.exceptions.NewConnectionError: <urllib3.connection.HTTPSConnection object at 0x7fa296dbcac8>: Failed to establish a new connection: [Errno -3] Temporary failure in name resolution

During handling of the above exception, another exception occurred:

Traceback (most recent call last):
  File "/home/airflow/.local/lib/python3.6/site-packages/requests/adapters.py", line 449, in send
    timeout=timeout
  File "/home/airflow/.local/lib/python3.6/site-packages/urllib3/connectionpool.py", line 727, in urlopen
    method, url, error=e, _pool=self, _stacktrace=sys.exc_info()[2]
  File "/home/airflow/.local/lib/python3.6/site-packages/urllib3/util/retry.py", line 446, in increment
    raise MaxRetryError(_pool, url, error or ResponseError(cause))
urllib3.exceptions.MaxRetryError: HTTPSConnectionPool(host='api.bing.microsoft.com', port=443): Max retries exceeded with url: /v7.0/images/search/?q=bulbasaur&offset=60&count=10 (Caused by NewConnectionError('<urllib3.connection.HTTPSConnection object at 0x7fa296dbcac8>: Failed to establish a new connection: [Errno -3] Temporary failure in name resolution',))

During handling of the above exception, another exception occurred:

Traceback (most recent call last):
  File "/home/airflow/.local/lib/python3.6/site-packages/airflow/models/taskinstance.py", line 1112, in _run_raw_task
    self._prepare_and_execute_task_with_callbacks(context, task)
  File "/home/airflow/.local/lib/python3.6/site-packages/airflow/models/taskinstance.py", line 1285, in _prepare_and_execute_task_with_callbacks
    result = self._execute_task(context, task_copy)
  File "/home/airflow/.local/lib/python3.6/site-packages/airflow/models/taskinstance.py", line 1315, in _execute_task
    result = task_copy.execute(context=context)
  File "/home/airflow/.local/lib/python3.6/site-packages/airflow/operators/python.py", line 117, in execute
    return_value = self.execute_callable()
  File "/home/airflow/.local/lib/python3.6/site-packages/airflow/operators/python.py", line 128, in execute_callable
    return self.python_callable(*self.op_args, **self.op_kwargs)
  File "/opt/airflow/dags/bing_image_download.py", line 102, in bing_image_download
    search = requests.get(URL, headers=headers, params=params)
  File "/home/airflow/.local/lib/python3.6/site-packages/requests/api.py", line 76, in get
    return request('get', url, params=params, **kwargs)
  File "/home/airflow/.local/lib/python3.6/site-packages/requests/api.py", line 61, in request
    return session.request(method=method, url=url, **kwargs)
  File "/home/airflow/.local/lib/python3.6/site-packages/requests/sessions.py", line 542, in request
    resp = self.send(prep, **send_kwargs)
  File "/home/airflow/.local/lib/python3.6/site-packages/requests/sessions.py", line 655, in send
    r = adapter.send(request, **kwargs)
  File "/home/airflow/.local/lib/python3.6/site-packages/requests/adapters.py", line 516, in send
    raise ConnectionError(e, request=request)
requests.exceptions.ConnectionError: HTTPSConnectionPool(host='api.bing.microsoft.com', port=443): Max retries exceeded with url: /v7.0/images/search/?q=bulbasaur&offset=60&count=10 (Caused by NewConnectionError('<urllib3.connection.HTTPSConnection object at 0x7fa296dbcac8>: Failed to establish a new connection: [Errno -3] Temporary failure in name resolution',))
[2022-01-25 14:09:44,239] {taskinstance.py:1503} INFO - Marking task as UP_FOR_RETRY. dag_id=bing_image_download, task_id=bing_image_download, execution_date=20220125T140142, start_date=20220125T140150, end_date=20220125T140944
[2022-01-25 14:09:44,291] {local_task_job.py:146} INFO - Task exited with return code 1
