[2022-01-26 04:33:09,132] {taskinstance.py:851} INFO - Dependencies all met for <TaskInstance: bing_image_download.bing_image_download 2022-01-26T04:33:01.905773+00:00 [queued]>
[2022-01-26 04:33:09,170] {taskinstance.py:851} INFO - Dependencies all met for <TaskInstance: bing_image_download.bing_image_download 2022-01-26T04:33:01.905773+00:00 [queued]>
[2022-01-26 04:33:09,171] {taskinstance.py:1042} INFO - 
--------------------------------------------------------------------------------
[2022-01-26 04:33:09,171] {taskinstance.py:1043} INFO - Starting attempt 1 of 2
[2022-01-26 04:33:09,172] {taskinstance.py:1044} INFO - 
--------------------------------------------------------------------------------
[2022-01-26 04:33:09,193] {taskinstance.py:1063} INFO - Executing <Task(PythonOperator): bing_image_download> on 2022-01-26T04:33:01.905773+00:00
[2022-01-26 04:33:09,202] {standard_task_runner.py:52} INFO - Started process 71 to run task
[2022-01-26 04:33:09,213] {standard_task_runner.py:76} INFO - Running: ['airflow', 'tasks', 'run', 'bing_image_download', 'bing_image_download', '2022-01-26T04:33:01.905773+00:00', '--job-id', '199', '--pool', 'default_pool', '--raw', '--subdir', 'DAGS_FOLDER/bing_image_download.py', '--cfg-path', '/tmp/tmp4p14c81_', '--error-file', '/tmp/tmppv2kemob']
[2022-01-26 04:33:09,214] {standard_task_runner.py:77} INFO - Job 199: Subtask bing_image_download
[2022-01-26 04:33:09,320] {logging_mixin.py:104} INFO - Running <TaskInstance: bing_image_download.bing_image_download 2022-01-26T04:33:01.905773+00:00 [running]> on host 115f9a25dda0
[2022-01-26 04:33:09,378] {taskinstance.py:1257} INFO - Exporting the following env vars:
AIRFLOW_CTX_DAG_OWNER=airflow
AIRFLOW_CTX_DAG_ID=bing_image_download
AIRFLOW_CTX_TASK_ID=bing_image_download
AIRFLOW_CTX_EXECUTION_DATE=2022-01-26T04:33:01.905773+00:00
AIRFLOW_CTX_DAG_RUN_ID=manual__2022-01-26T04:33:01.905773+00:00
[2022-01-26 04:33:09,386] {logging_mixin.py:104} INFO - [INFO] searching Bing API for 'pikachu'
[2022-01-26 04:33:10,743] {logging_mixin.py:104} INFO - [INFO] 50 total results for 'pikachu'
[2022-01-26 04:33:10,744] {logging_mixin.py:104} INFO - [INFO] making request for group 0-5 of 50...
[2022-01-26 04:33:11,390] {logging_mixin.py:104} INFO - [INFO] saving images for group 0-5 of 50...
[2022-01-26 04:33:11,391] {logging_mixin.py:104} INFO - [INFO] fetching: http://vignette3.wikia.nocookie.net/wii/images/7/77/Pikachu_SSB4.jpg/revision/latest?cb=20140210000421
[2022-01-26 04:33:13,226] {logging_mixin.py:104} INFO - [INFO] fetching: https://pngimg.com/uploads/pokemon/pokemon_PNG15.png
[2022-01-26 04:33:14,027] {logging_mixin.py:104} INFO - [INFO] fetching: https://images-wixmp-ed30a86b8c4ca887773594c2.wixmp.com/f/4f6bf5b3-c9b6-44c2-ab80-06e3ea80d511/dca37p4-e992703b-3518-475a-a3bd-bc2831f13e7b.png?token=eyJ0eXAiOiJKV1QiLCJhbGciOiJIUzI1NiJ9.eyJzdWIiOiJ1cm46YXBwOiIsImlzcyI6InVybjphcHA6Iiwib2JqIjpbW3sicGF0aCI6IlwvZlwvNGY2YmY1YjMtYzliNi00NGMyLWFiODAtMDZlM2VhODBkNTExXC9kY2EzN3A0LWU5OTI3MDNiLTM1MTgtNDc1YS1hM2JkLWJjMjgzMWYxM2U3Yi5wbmcifV1dLCJhdWQiOlsidXJuOnNlcnZpY2U6ZmlsZS5kb3dubG9hZCJdfQ.BgM4bC-lqNizie8fhV-EnS5hLNCPn5y8iROlzXNAdk4
[2022-01-26 04:33:16,064] {logging_mixin.py:104} INFO - [INFO] fetching: https://pngimg.com/uploads/pokemon/pokemon_PNG93.png
[2022-01-26 04:33:16,311] {logging_mixin.py:104} INFO - [INFO] fetching: https://pngimg.com/uploads/pokemon/pokemon_PNG148.png
[2022-01-26 04:33:16,650] {logging_mixin.py:104} INFO - [INFO] making request for group 5-10 of 50...
[2022-01-26 04:33:17,302] {logging_mixin.py:104} INFO - [INFO] saving images for group 5-10 of 50...
[2022-01-26 04:33:17,302] {logging_mixin.py:104} INFO - [INFO] fetching: https://pngimg.com/uploads/pokemon/pokemon_PNG148.png
[2022-01-26 04:33:17,672] {logging_mixin.py:104} INFO - [INFO] fetching: https://3.bp.blogspot.com/-QRBqlfFJt6U/ULpgGND3XFI/AAAAAAAACPs/TUrUig9gj5A/s1600/pikachu.png
[2022-01-26 04:33:19,107] {logging_mixin.py:104} INFO - [INFO] fetching: https://www.nintendoworldreport.com/media/38183/4/1.jpg
[2022-01-26 04:33:21,157] {logging_mixin.py:104} INFO - [INFO] fetching: https://pngimg.com/uploads/pokemon/pokemon_PNG42.png
[2022-01-26 04:33:21,591] {logging_mixin.py:104} INFO - [INFO] fetching: https://ph.portal-pokemon.com/upload/en/HelloPika.png
[2022-01-26 04:33:25,032] {logging_mixin.py:104} INFO - [INFO] making request for group 10-15 of 50...
[2022-01-26 04:33:26,474] {logging_mixin.py:104} INFO - [INFO] saving images for group 10-15 of 50...
[2022-01-26 04:33:26,476] {logging_mixin.py:104} INFO - [INFO] fetching: https://ph.portal-pokemon.com/upload/en/HelloPika.png
[2022-01-26 04:33:28,495] {logging_mixin.py:104} INFO - [INFO] fetching: https://cdn.myminifactory.com/assets/object-assets/5c64403a9c7ad/images/d27029fa-5bce-4731-b8b4-af6be07fe701.jpg
[2022-01-26 04:33:37,250] {logging_mixin.py:104} INFO - [INFO] fetching: http://clipartmag.com/image/pikachu-images-for-drawing-29.png
[2022-01-26 04:33:39,205] {logging_mixin.py:104} INFO - [INFO] fetching: https://yt3.ggpht.com/a-/AAuE7mBRlOG3moYW1oLN4L0V6FP-O-3IJrF1NoGjDw=s900-mo-c-c0xffffffff-rj-k-no
[2022-01-26 04:33:39,818] {logging_mixin.py:104} INFO - [INFO] fetching: https://mir-s3-cdn-cf.behance.net/project_modules/1400/56f6e170109017.5d71da93da213.png
[2022-01-26 04:33:41,034] {logging_mixin.py:104} INFO - [INFO] making request for group 15-20 of 50...
[2022-01-26 04:33:42,946] {logging_mixin.py:104} INFO - [INFO] saving images for group 15-20 of 50...
[2022-01-26 04:33:42,947] {logging_mixin.py:104} INFO - [INFO] fetching: https://cdn.myminifactory.com/assets/object-assets/5c64403a9c7ad/images/d27029fa-5bce-4731-b8b4-af6be07fe701.jpg
[2022-01-26 04:33:51,097] {logging_mixin.py:104} INFO - [INFO] fetching: https://cdn.vox-cdn.com/thumbor/RGPwZaA8xxwrVd4spVyTGNrxHh0=/99x0:1179x720/1200x800/filters:focal(99x0:1179x720)/cdn.vox-cdn.com/uploads/chorus_image/image/50166993/2016.1_Great_Detective_Pikachu_Birth_of_a_New_Duo__3DS_.0.0.jpg
[2022-01-26 04:33:52,595] {logging_mixin.py:104} INFO - [INFO] fetching: https://img1.cgtrader.com/items/2419585/aef1cf6064/pikachu-pokemon-3d-printing-3d-model-obj-stl-blend.jpg
[2022-01-26 04:33:53,049] {logging_mixin.py:104} INFO - [INFO] fetching: http://img2.wikia.nocookie.net/__cb20110811011944/pokemonfanon/images/8/88/Pikachu_XXV.PNG
[2022-01-26 04:33:55,491] {logging_mixin.py:104} INFO - [INFO] fetching: https://cdn.mos.cms.futurecdn.net/dqW4eWEXeU6J8tBpZTpqy5.jpg
[2022-01-26 04:33:56,705] {logging_mixin.py:104} INFO - [INFO] making request for group 20-25 of 50...
[2022-01-26 04:33:58,116] {logging_mixin.py:104} INFO - [INFO] saving images for group 20-25 of 50...
[2022-01-26 04:33:58,117] {logging_mixin.py:104} INFO - [INFO] fetching: https://cdn.vox-cdn.com/thumbor/RGPwZaA8xxwrVd4spVyTGNrxHh0=/99x0:1179x720/1200x800/filters:focal(99x0:1179x720)/cdn.vox-cdn.com/uploads/chorus_image/image/50166993/2016.1_Great_Detective_Pikachu_Birth_of_a_New_Duo__3DS_.0.0.jpg
[2022-01-26 04:33:59,480] {logging_mixin.py:104} INFO - [INFO] fetching: https://cdn.myminifactory.com/assets/object-assets/5c64403a9c7ad/images/d27029fa-5bce-4731-b8b4-af6be07fe701.jpg
[2022-01-26 04:34:07,821] {logging_mixin.py:104} INFO - [INFO] fetching: https://cdn.mos.cms.futurecdn.net/dqW4eWEXeU6J8tBpZTpqy5.jpg
[2022-01-26 04:34:08,441] {logging_mixin.py:104} INFO - [INFO] fetching: https://images-wixmp-ed30a86b8c4ca887773594c2.wixmp.com/f/c5bbbf70-cfca-4aeb-892b-6ac8c54fb175/ddbr84t-d0753923-bc99-4919-8bb6-2121149399d7.png/v1/fill/w_956,h_836,strp/pikachu_libre_render_by_vexikku_ddbr84t-pre.png?token=eyJ0eXAiOiJKV1QiLCJhbGciOiJIUzI1NiJ9.eyJzdWIiOiJ1cm46YXBwOjdlMGQxODg5ODIyNjQzNzNhNWYwZDQxNWVhMGQyNmUwIiwiaXNzIjoidXJuOmFwcDo3ZTBkMTg4OTgyMjY0MzczYTVmMGQ0MTVlYTBkMjZlMCIsIm9iaiI6W1t7ImhlaWdodCI6Ijw9MzUwMCIsInBhdGgiOiJcL2ZcL2M1YmJiZjcwLWNmY2EtNGFlYi04OTJiLTZhYzhjNTRmYjE3NVwvZGRicjg0dC1kMDc1MzkyMy1iYzk5LTQ5MTktOGJiNi0yMTIxMTQ5Mzk5ZDcucG5nIiwid2lkdGgiOiI8PTQwMDAifV1dLCJhdWQiOlsidXJuOnNlcnZpY2U6aW1hZ2Uub3BlcmF0aW9ucyJdfQ.SCZGQ24m5GxrmvuwHJ6Em8lOGDWKTpacKjSjkkFMbCs
[2022-01-26 04:34:08,934] {logging_mixin.py:104} INFO - [INFO] fetching: https://pngimg.com/uploads/pokemon/pokemon_PNG102.png
[2022-01-26 04:34:09,414] {logging_mixin.py:104} INFO - [INFO] making request for group 25-30 of 50...
[2022-01-26 04:34:10,598] {logging_mixin.py:104} INFO - [INFO] saving images for group 25-30 of 50...
[2022-01-26 04:34:10,608] {logging_mixin.py:104} INFO - [INFO] fetching: https://s3.us-east-1.amazonaws.com/dexerto-assets-production-cbbdf288/uploads/2020/02/16230146/pokemon-community-fat-pikachu-meme.jpg
[2022-01-26 04:34:13,037] {logging_mixin.py:104} INFO - [INFO] fetching: https://cdn.mos.cms.futurecdn.net/dqW4eWEXeU6J8tBpZTpqy5.jpg
[2022-01-26 04:34:13,597] {logging_mixin.py:104} INFO - [INFO] fetching: http://cdn.shopify.com/s/files/1/0284/4907/9395/products/sticker_pikachu.jpg?v=1573513085
[2022-01-26 04:34:14,091] {logging_mixin.py:104} INFO - [INFO] fetching: https://static1.cbrimages.com/wordpress/wp-content/uploads/2019/12/Pikachu-Feature-Image-Cropped.jpg
[2022-01-26 04:34:14,396] {logging_mixin.py:104} INFO - [INFO] fetching: https://graphictide.com/images/shop/hover/307_pikachu-candy.png
[2022-01-26 04:34:15,696] {logging_mixin.py:104} INFO - [INFO] making request for group 30-35 of 50...
[2022-01-26 04:34:16,369] {logging_mixin.py:104} INFO - [INFO] saving images for group 30-35 of 50...
[2022-01-26 04:34:16,376] {logging_mixin.py:104} INFO - [INFO] fetching: https://preview.redd.it/utp2tm8uie441.jpg?auto=webp&s=e1856d5b2219ac5e2af19580be7f636cf64f9504
[2022-01-26 04:34:17,430] {logging_mixin.py:104} INFO - [INFO] fetching: https://images.nintendolife.com/4f14a50f60357/pikachu.original.jpg
[2022-01-26 04:34:17,653] {logging_mixin.py:104} INFO - [INFO] fetching: https://stealthoptional.com/wp-content/uploads/2020/09/Detective-Pikachu-2-release-date-trailer-news.jpg
[2022-01-26 04:34:19,141] {logging_mixin.py:104} INFO - [INFO] fetching: https://wallpapercave.com/wp/wp6346994.png
[2022-01-26 04:34:20,221] {logging_mixin.py:104} INFO - [INFO] fetching: http://www.baltana.com/file/37537/700x394/16:9/pikachu-hq-background-wallpaper-37654_1935821118.png
[2022-01-26 04:34:23,715] {logging_mixin.py:104} INFO - [INFO] making request for group 35-40 of 50...
[2022-01-26 04:34:25,086] {logging_mixin.py:104} INFO - [INFO] saving images for group 35-40 of 50...
[2022-01-26 04:34:25,087] {logging_mixin.py:104} INFO - [INFO] fetching: https://s3.us-east-1.amazonaws.com/dexerto-assets-production-cbbdf288/uploads/2020/02/16230146/pokemon-community-fat-pikachu-meme.jpg
[2022-01-26 04:34:27,275] {logging_mixin.py:104} INFO - [INFO] fetching: http://cdn.shopify.com/s/files/1/0284/4907/9395/products/sticker_pikachu.jpg?v=1573513085
[2022-01-26 04:34:27,659] {logging_mixin.py:104} INFO - [INFO] fetching: http://images4.fanpop.com/image/photos/22200000/Pikachu-pikachu-22265985-1280-1120.jpg
[2022-01-26 04:34:30,137] {logging_mixin.py:104} INFO - [INFO] fetching: https://yt3.ggpht.com/a/AATXAJwmhNbZwsDbo_tXP-d9wB7tSqNpV56GFvSjhQ=s900-c-k-c0xffffffff-no-rj-mo
[2022-01-26 04:34:30,739] {logging_mixin.py:104} INFO - [INFO] fetching: https://animetos.com/wp-content/uploads/2021/03/img_8458-scaled.jpeg
[2022-01-26 04:34:52,419] {logging_mixin.py:104} INFO - [INFO] making request for group 40-45 of 50...
[2022-01-26 04:34:53,888] {logging_mixin.py:104} INFO - [INFO] saving images for group 40-45 of 50...
[2022-01-26 04:34:53,888] {logging_mixin.py:104} INFO - [INFO] fetching: https://serebii.net/card/swshpromos/63.jpg
[2022-01-26 04:34:56,309] {logging_mixin.py:104} INFO - [INFO] fetching: http://tonsoffacts.com/wp-content/uploads/2019/11/fp4716-pokemon-pikachu-glow.jpg
[2022-01-26 04:34:58,582] {logging_mixin.py:104} INFO - [INFO-DEL] deleting: /opt/airflow/dags/images/pikachu_41.jpeg
[2022-01-26 04:34:58,584] {logging_mixin.py:104} INFO - [INFO] fetching: https://sotaku.com/wp-content/uploads/2018/05/Pika.jpg
[2022-01-26 04:35:01,190] {logging_mixin.py:104} INFO - [INFO] fetching: https://theprestonhub.co.uk/wp-content/uploads/2019/05/pokemon-detective-pikachu-card-1167030-1280x0.jpg
[2022-01-26 04:35:04,285] {logging_mixin.py:104} INFO - [INFO] fetching: https://static1.cbrimages.com/wordpress/wp-content/uploads/2019/12/Pikachu-Feature-Image-Cropped.jpg
[2022-01-26 04:35:04,510] {logging_mixin.py:104} INFO - [INFO] making request for group 45-50 of 50...
[2022-01-26 04:35:05,768] {logging_mixin.py:104} INFO - [INFO] saving images for group 45-50 of 50...
[2022-01-26 04:35:05,769] {logging_mixin.py:104} INFO - [INFO] fetching: https://c.shld.net/rpx/i/s/i/spin/10032562/prod_12349903012??hei=64&wid=64&qlt=50
[2022-01-26 04:35:06,787] {logging_mixin.py:104} INFO - [INFO] fetching: https://www.onlinetoys.com.au/19664/pokemon-power-action-pikachu.jpg
[2022-01-26 04:35:08,234] {logging_mixin.py:104} INFO - [INFO] fetching: https://whirli-production-images.s3.eu-west-2.amazonaws.com/products/yZYb57lPl7/yb9jP0AWgj_pokemon-pikachu-medium.jpg
[2022-01-26 04:35:09,478] {logging_mixin.py:104} INFO - [INFO] fetching: https://webgames.host/uploads/2018/03/pikachu-bros.png
[2022-01-26 04:35:12,316] {logging_mixin.py:104} INFO - [INFO] fetching: https://images-wixmp-ed30a86b8c4ca887773594c2.wixmp.com/f/93abed28-db9e-4018-aee8-6c817a5863b9/dbsqkhl-bc627623-0eed-4727-a573-b7f6cd48d992.png/v1/fill/w_800,h_855,strp/king_pikachu_by_kraus_illustration_dbsqkhl-fullview.png?token=eyJ0eXAiOiJKV1QiLCJhbGciOiJIUzI1NiJ9.eyJzdWIiOiJ1cm46YXBwOjdlMGQxODg5ODIyNjQzNzNhNWYwZDQxNWVhMGQyNmUwIiwiaXNzIjoidXJuOmFwcDo3ZTBkMTg4OTgyMjY0MzczYTVmMGQ0MTVlYTBkMjZlMCIsIm9iaiI6W1t7ImhlaWdodCI6Ijw9ODU1IiwicGF0aCI6IlwvZlwvOTNhYmVkMjgtZGI5ZS00MDE4LWFlZTgtNmM4MTdhNTg2M2I5XC9kYnNxa2hsLWJjNjI3NjIzLTBlZWQtNDcyNy1hNTczLWI3ZjZjZDQ4ZDk5Mi5wbmciLCJ3aWR0aCI6Ijw9ODAwIn1dXSwiYXVkIjpbInVybjpzZXJ2aWNlOmltYWdlLm9wZXJhdGlvbnMiXX0.RBhJ-Eni5Fc_r-5ZBrMSXC8Z0aJvE6PrRT6HPGQehGM
[2022-01-26 04:35:12,738] {logging_mixin.py:104} INFO - **************************************************
[2022-01-26 04:35:12,738] {logging_mixin.py:104} INFO - [END] Images Donwloaded for pikachu
[2022-01-26 04:35:12,738] {logging_mixin.py:104} INFO - **************************************************
[2022-01-26 04:35:12,739] {logging_mixin.py:104} INFO - [INFO] searching Bing API for 'bulbasaur'
[2022-01-26 04:35:13,408] {logging_mixin.py:104} INFO - [INFO] 50 total results for 'bulbasaur'
[2022-01-26 04:35:13,410] {logging_mixin.py:104} INFO - [INFO] making request for group 0-5 of 50...
[2022-01-26 04:35:14,030] {logging_mixin.py:104} INFO - [INFO] saving images for group 0-5 of 50...
[2022-01-26 04:35:14,031] {logging_mixin.py:104} INFO - [INFO] fetching: https://usercontent2.hubstatic.com/13805615_f1024.jpg
[2022-01-26 04:35:15,822] {logging_mixin.py:104} INFO - [INFO] fetching: http://1.bp.blogspot.com/-ue0RUlm6K98/VNzsqJEcm3I/AAAAAAAAAPw/BHqUvaJgExA/s1600/bulbasaur.png
[2022-01-26 04:35:17,071] {logging_mixin.py:104} INFO - [INFO] fetching: https://external-preview.redd.it/qvkIfEpcZahP1Lcu4eZzfqhhACaHjLHloe_cTTCm1es.jpg?auto=webp&s=b8e42af529efdbfa09846b3cd8ec4c0e159951aa
[2022-01-26 04:35:17,407] {logging_mixin.py:104} INFO - [INFO] fetching: https://orig00.deviantart.net/19fb/f/2011/252/f/0/bulbasaur_by_trdaz-d49cmfx.png
[2022-01-26 04:35:18,745] {logging_mixin.py:104} INFO - [INFO] fetching: http://th06.deviantart.net/fs70/PRE/f/2011/163/5/d/bulbasaur__old__by_blastertwo-d3ir8m6.png
[2022-01-26 04:35:20,270] {logging_mixin.py:104} INFO - [INFO] making request for group 5-10 of 50...
[2022-01-26 04:35:21,973] {logging_mixin.py:104} INFO - [INFO] saving images for group 5-10 of 50...
[2022-01-26 04:35:21,974] {logging_mixin.py:104} INFO - [INFO] fetching: http://1.bp.blogspot.com/-ue0RUlm6K98/VNzsqJEcm3I/AAAAAAAAAPw/BHqUvaJgExA/s1600/bulbasaur.png
[2022-01-26 04:35:22,374] {logging_mixin.py:104} INFO - [INFO] fetching: http://www.pngmart.com/files/11/Pokemon-Bulbasaur-PNG-File.png
[2022-01-26 04:35:24,403] {logging_mixin.py:104} INFO - [INFO] fetching: https://vignette.wikia.nocookie.net/creepy-pasta-halloween/images/e/ee/Bulbasaur_Vector_by_Donduck13.png/revision/latest?cb=20151118221719
[2022-01-26 04:35:26,049] {logging_mixin.py:104} INFO - [INFO] fetching: https://vignette.wikia.nocookie.net/aquabunny/images/4/43/Bulbasaur.png/revision/latest?cb=20180319232558
[2022-01-26 04:35:27,494] {logging_mixin.py:104} INFO - [INFO] fetching: https://wallsdesk.com/wp-content/uploads/2017/01/Bulbasaur-Wallpapers.jpg
[2022-01-26 04:35:30,039] {logging_mixin.py:104} INFO - [INFO] making request for group 10-15 of 50...
[2022-01-26 04:35:30,798] {logging_mixin.py:104} INFO - [INFO] saving images for group 10-15 of 50...
[2022-01-26 04:35:30,799] {logging_mixin.py:104} INFO - [INFO] fetching: https://images-wixmp-ed30a86b8c4ca887773594c2.wixmp.com/f/1f6e6960-47bd-455f-9411-6d98b2bb5d26/dd49wrr-c20af9ba-e18e-4c59-8558-b5705acf6f24.png/v1/fill/w_818,h_976,q_70,strp/bulbasaur_doodle_by_otakuap_dd49wrr-pre.jpg?token=eyJ0eXAiOiJKV1QiLCJhbGciOiJIUzI1NiJ9.eyJzdWIiOiJ1cm46YXBwOjdlMGQxODg5ODIyNjQzNzNhNWYwZDQxNWVhMGQyNmUwIiwiaXNzIjoidXJuOmFwcDo3ZTBkMTg4OTgyMjY0MzczYTVmMGQ0MTVlYTBkMjZlMCIsIm9iaiI6W1t7ImhlaWdodCI6Ijw9MTExMyIsInBhdGgiOiJcL2ZcLzFmNmU2OTYwLTQ3YmQtNDU1Zi05NDExLTZkOThiMmJiNWQyNlwvZGQ0OXdyci1jMjBhZjliYS1lMThlLTRjNTktODU1OC1iNTcwNWFjZjZmMjQucG5nIiwid2lkdGgiOiI8PTkzMyJ9XV0sImF1ZCI6WyJ1cm46c2VydmljZTppbWFnZS5vcGVyYXRpb25zIl19.NIpnOKTJEPVkyxnzQKbnHaxCjs7nf3l4zxidFz2TYlo
[2022-01-26 04:35:31,046] {logging_mixin.py:104} INFO - [INFO] fetching: http://www.pngmart.com/files/11/Pokemon-Bulbasaur-PNG-Transparent-Image.png
[2022-01-26 04:35:32,773] {logging_mixin.py:104} INFO - [INFO] fetching: https://pre00.deviantart.net/a8a2/th/pre/f/2012/323/d/5/pokedex_challenge_001_bulbasaur_by_blue_diamond_shadow-d5ksvr6.png
[2022-01-26 04:35:34,348] {logging_mixin.py:104} INFO - [INFO] fetching: http://pre15.deviantart.net/ef88/th/pre/f/2012/327/2/0/bulbasaur_by_ezmeag98-d5lz0kp.png
[2022-01-26 04:35:35,445] {logging_mixin.py:104} INFO - [INFO] fetching: https://yt3.ggpht.com/a/AGF-l7-quN6vKZthSZ_zja1lFMQN3l-PNsuUioUhjA=s900-c-k-c0xffffffff-no-rj-mo
[2022-01-26 04:35:36,374] {logging_mixin.py:104} INFO - [INFO] making request for group 15-20 of 50...
[2022-01-26 04:35:37,411] {logging_mixin.py:104} INFO - [INFO] saving images for group 15-20 of 50...
[2022-01-26 04:35:37,422] {logging_mixin.py:104} INFO - [INFO] fetching: http://clipartmag.com/image/pokemon-bulbasaur-drawing-8.jpg
[2022-01-26 04:35:38,952] {logging_mixin.py:104} INFO - [INFO] fetching: http://www.pngmart.com/files/11/Pokemon-Bulbasaur-PNG-Transparent-Image.png
[2022-01-26 04:35:40,584] {logging_mixin.py:104} INFO - [INFO] fetching: http://pre15.deviantart.net/ef88/th/pre/f/2012/327/2/0/bulbasaur_by_ezmeag98-d5lz0kp.png
[2022-01-26 04:35:41,689] {logging_mixin.py:104} INFO - [INFO] fetching: https://orig00.deviantart.net/7453/f/2017/365/2/7/bulbasaur_by_moliin-dbyfd4k.png
[2022-01-26 04:35:46,137] {logging_mixin.py:104} INFO - [INFO] fetching: https://wallsdesk.com/wp-content/uploads/2017/01/Bulbasaur-Wallpaper-.jpg
[2022-01-26 04:35:48,140] {logging_mixin.py:104} INFO - [INFO] making request for group 20-25 of 50...
[2022-01-26 04:35:49,344] {logging_mixin.py:104} INFO - [INFO] saving images for group 20-25 of 50...
[2022-01-26 04:35:49,344] {logging_mixin.py:104} INFO - [INFO] fetching: http://www.pngmart.com/files/11/Pokemon-Bulbasaur-PNG-Transparent-Image.png
[2022-01-26 04:35:50,993] {logging_mixin.py:104} INFO - [INFO] fetching: https://orig00.deviantart.net/7453/f/2017/365/2/7/bulbasaur_by_moliin-dbyfd4k.png
[2022-01-26 04:35:55,329] {logging_mixin.py:104} INFO - [INFO] fetching: https://wallsdesk.com/wp-content/uploads/2017/01/Bulbasaur-Wallpaper-.jpg
[2022-01-26 04:35:57,425] {logging_mixin.py:104} INFO - [INFO] fetching: https://pre00.deviantart.net/7a9f/th/pre/i/2012/139/b/6/cute_bulbasaur_by_sirena93-d50bum8.png
[2022-01-26 04:35:58,826] {logging_mixin.py:104} INFO - [INFO] fetching: https://images.wallpapersden.com/image/download/bulbasaur-pokemon-detective-pikachu-movie_64877_2932x2932.jpg
[2022-01-26 04:36:03,637] {logging_mixin.py:104} INFO - [INFO] making request for group 25-30 of 50...
[2022-01-26 04:36:13,652] {taskinstance.py:1455} ERROR - HTTPSConnectionPool(host='api.bing.microsoft.com', port=443): Max retries exceeded with url: /v7.0/images/search/?q=bulbasaur&offset=25&count=5 (Caused by NewConnectionError('<urllib3.connection.HTTPSConnection object at 0x7f2f87a85f60>: Failed to establish a new connection: [Errno -3] Temporary failure in name resolution',))
Traceback (most recent call last):
  File "/home/airflow/.local/lib/python3.6/site-packages/urllib3/connection.py", line 160, in _new_conn
    (self._dns_host, self.port), self.timeout, **extra_kw
  File "/home/airflow/.local/lib/python3.6/site-packages/urllib3/util/connection.py", line 61, in create_connection
    for res in socket.getaddrinfo(host, port, family, socket.SOCK_STREAM):
  File "/usr/local/lib/python3.6/socket.py", line 745, in getaddrinfo
    for res in _socket.getaddrinfo(host, port, family, type, proto, flags):
socket.gaierror: [Errno -3] Temporary failure in name resolution

During handling of the above exception, another exception occurred:

Traceback (most recent call last):
  File "/home/airflow/.local/lib/python3.6/site-packages/urllib3/connectionpool.py", line 677, in urlopen
    chunked=chunked,
  File "/home/airflow/.local/lib/python3.6/site-packages/urllib3/connectionpool.py", line 381, in _make_request
    self._validate_conn(conn)
  File "/home/airflow/.local/lib/python3.6/site-packages/urllib3/connectionpool.py", line 978, in _validate_conn
    conn.connect()
  File "/home/airflow/.local/lib/python3.6/site-packages/urllib3/connection.py", line 309, in connect
    conn = self._new_conn()
  File "/home/airflow/.local/lib/python3.6/site-packages/urllib3/connection.py", line 172, in _new_conn
    self, "Failed to establish a new connection: %s" % e
urllib3.exceptions.NewConnectionError: <urllib3.connection.HTTPSConnection object at 0x7f2f87a85f60>: Failed to establish a new connection: [Errno -3] Temporary failure in name resolution

During handling of the above exception, another exception occurred:

Traceback (most recent call last):
  File "/home/airflow/.local/lib/python3.6/site-packages/requests/adapters.py", line 449, in send
    timeout=timeout
  File "/home/airflow/.local/lib/python3.6/site-packages/urllib3/connectionpool.py", line 727, in urlopen
    method, url, error=e, _pool=self, _stacktrace=sys.exc_info()[2]
  File "/home/airflow/.local/lib/python3.6/site-packages/urllib3/util/retry.py", line 446, in increment
    raise MaxRetryError(_pool, url, error or ResponseError(cause))
urllib3.exceptions.MaxRetryError: HTTPSConnectionPool(host='api.bing.microsoft.com', port=443): Max retries exceeded with url: /v7.0/images/search/?q=bulbasaur&offset=25&count=5 (Caused by NewConnectionError('<urllib3.connection.HTTPSConnection object at 0x7f2f87a85f60>: Failed to establish a new connection: [Errno -3] Temporary failure in name resolution',))

During handling of the above exception, another exception occurred:

Traceback (most recent call last):
  File "/home/airflow/.local/lib/python3.6/site-packages/airflow/models/taskinstance.py", line 1112, in _run_raw_task
    self._prepare_and_execute_task_with_callbacks(context, task)
  File "/home/airflow/.local/lib/python3.6/site-packages/airflow/models/taskinstance.py", line 1285, in _prepare_and_execute_task_with_callbacks
    result = self._execute_task(context, task_copy)
  File "/home/airflow/.local/lib/python3.6/site-packages/airflow/models/taskinstance.py", line 1315, in _execute_task
    result = task_copy.execute(context=context)
  File "/home/airflow/.local/lib/python3.6/site-packages/airflow/operators/python.py", line 117, in execute
    return_value = self.execute_callable()
  File "/home/airflow/.local/lib/python3.6/site-packages/airflow/operators/python.py", line 128, in execute_callable
    return self.python_callable(*self.op_args, **self.op_kwargs)
  File "/opt/airflow/dags/bing_image_download.py", line 102, in bing_image_download
    search = requests.get(URL, headers=headers, params=params)
  File "/home/airflow/.local/lib/python3.6/site-packages/requests/api.py", line 76, in get
    return request('get', url, params=params, **kwargs)
  File "/home/airflow/.local/lib/python3.6/site-packages/requests/api.py", line 61, in request
    return session.request(method=method, url=url, **kwargs)
  File "/home/airflow/.local/lib/python3.6/site-packages/requests/sessions.py", line 542, in request
    resp = self.send(prep, **send_kwargs)
  File "/home/airflow/.local/lib/python3.6/site-packages/requests/sessions.py", line 655, in send
    r = adapter.send(request, **kwargs)
  File "/home/airflow/.local/lib/python3.6/site-packages/requests/adapters.py", line 516, in send
    raise ConnectionError(e, request=request)
requests.exceptions.ConnectionError: HTTPSConnectionPool(host='api.bing.microsoft.com', port=443): Max retries exceeded with url: /v7.0/images/search/?q=bulbasaur&offset=25&count=5 (Caused by NewConnectionError('<urllib3.connection.HTTPSConnection object at 0x7f2f87a85f60>: Failed to establish a new connection: [Errno -3] Temporary failure in name resolution',))
[2022-01-26 04:36:13,667] {taskinstance.py:1503} INFO - Marking task as UP_FOR_RETRY. dag_id=bing_image_download, task_id=bing_image_download, execution_date=20220126T043301, start_date=20220126T043309, end_date=20220126T043613
[2022-01-26 04:36:13,736] {local_task_job.py:146} INFO - Task exited with return code 1
